<?xml version="1.0" encoding="UTF-8"?>
<!-- Generated by org.testng.reporters.JUnitXMLReporter -->
<testsuite hostname="DESKTOP-FR57AJN" ignored="0" name="Test3" tests="1" failures="1" timestamp="2020-05-30T15:28:56 WEST" time="1.724" errors="0">
  <testcase name="Adding" time="1.713" classname="sample2.ajout">
    <failure type="org.openqa.selenium.SessionNotCreatedException" message="session not created: This version of ChromeDriver only supports Chrome version 84
Build info: version: &amp;apos;4.0.0-alpha-5&amp;apos;, revision: &amp;apos;b3a0d621cc&amp;apos;
System info: host: &amp;apos;DESKTOP-FR57AJN&amp;apos;, ip: &amp;apos;192.168.1.105&amp;apos;, os.name: &amp;apos;Windows 10&amp;apos;, os.arch: &amp;apos;amd64&amp;apos;, os.version: &amp;apos;10.0&amp;apos;, java.version: &amp;apos;1.8.0_241&amp;apos;
Driver info: driver.version: ChromeDriver
remote stacktrace: Backtrace:
	Ordinal0 [0x002C87E3+2852835]
	Ordinal0 [0x001B5BB1+1727409]
	Ordinal0 [0x0008E4B9+517305]
	Ordinal0 [0x00020BA0+68512]
	Ordinal0 [0x0001D3A0+54176]
	Ordinal0 [0x0003D9F7+186871]
	Ordinal0 [0x0003D7FD+186365]
	Ordinal0 [0x0003B70B+177931]
	Ordinal0 [0x00022584+75140]
	Ordinal0 [0x00023650+79440]
	Ordinal0 [0x000235E9+79337]
	Ordinal0 [0x001CAD5C+1813852]
	GetHandleVerifier [0x003EC616+1075574]
	GetHandleVerifier [0x003EC367+1074887]
	GetHandleVerifier [0x003F7497+1120247]
	GetHandleVerifier [0x003ECC16+1077110]
	Ordinal0 [0x001C3206+1782278]
	Ordinal0 [0x001CC3BB+1819579]
	Ordinal0 [0x001CC523+1819939]
	Ordinal0 [0x001E2B45+1911621]
	BaseThreadInitThunk [0x77966359+25]
	RtlGetAppContainerNamedObjectPath [0x77B67C24+228]
	RtlGetAppContainerNamedObjectPath [0x77B67BF4+180]
	(No symbol) [0x00000000]
">
      <![CDATA[org.openqa.selenium.SessionNotCreatedException: session not created: This version of ChromeDriver only supports Chrome version 84
Build info: version: '4.0.0-alpha-5', revision: 'b3a0d621cc'
System info: host: 'DESKTOP-FR57AJN', ip: '192.168.1.105', os.name: 'Windows 10', os.arch: 'amd64', os.version: '10.0', java.version: '1.8.0_241'
Driver info: driver.version: ChromeDriver
remote stacktrace: Backtrace:
Ordinal0 [0x002C87E3+2852835]
Ordinal0 [0x001B5BB1+1727409]
Ordinal0 [0x0008E4B9+517305]
Ordinal0 [0x00020BA0+68512]
Ordinal0 [0x0001D3A0+54176]
Ordinal0 [0x0003D9F7+186871]
Ordinal0 [0x0003D7FD+186365]
Ordinal0 [0x0003B70B+177931]
Ordinal0 [0x00022584+75140]
Ordinal0 [0x00023650+79440]
Ordinal0 [0x000235E9+79337]
Ordinal0 [0x001CAD5C+1813852]
GetHandleVerifier [0x003EC616+1075574]
GetHandleVerifier [0x003EC367+1074887]
GetHandleVerifier [0x003F7497+1120247]
GetHandleVerifier [0x003ECC16+1077110]
Ordinal0 [0x001C3206+1782278]
Ordinal0 [0x001CC3BB+1819579]
Ordinal0 [0x001CC523+1819939]
Ordinal0 [0x001E2B45+1911621]
BaseThreadInitThunk [0x77966359+25]
RtlGetAppContainerNamedObjectPath [0x77B67C24+228]
RtlGetAppContainerNamedObjectPath [0x77B67BF4+180]
(No symbol) [0x00000000]

at org.openqa.selenium.remote.W3CHandshakeResponse.lambda$errorHandler$0(W3CHandshakeResponse.java:62)
at org.openqa.selenium.remote.HandshakeResponse.lambda$getResponseFunction$0(HandshakeResponse.java:30)
at org.openqa.selenium.remote.ProtocolHandshake.lambda$createSession$1(ProtocolHandshake.java:126)
at java.util.stream.ReferencePipeline$3$1.accept(ReferencePipeline.java:193)
at java.util.Spliterators$ArraySpliterator.tryAdvance(Spliterators.java:958)
at java.util.stream.ReferencePipeline.forEachWithCancel(ReferencePipeline.java:126)
at java.util.stream.AbstractPipeline.copyIntoWithCancel(AbstractPipeline.java:499)
at java.util.stream.AbstractPipeline.copyInto(AbstractPipeline.java:486)
at java.util.stream.AbstractPipeline.wrapAndCopyInto(AbstractPipeline.java:472)
at java.util.stream.FindOps$FindOp.evaluateSequential(FindOps.java:152)
at java.util.stream.AbstractPipeline.evaluate(AbstractPipeline.java:234)
at java.util.stream.ReferencePipeline.findFirst(ReferencePipeline.java:464)
at org.openqa.selenium.remote.ProtocolHandshake.createSession(ProtocolHandshake.java:128)
at org.openqa.selenium.remote.ProtocolHandshake.createSession(ProtocolHandshake.java:75)
at org.openqa.selenium.remote.HttpCommandExecutor.execute(HttpCommandExecutor.java:139)
at org.openqa.selenium.remote.service.DriverCommandExecutor.execute(DriverCommandExecutor.java:83)
at org.openqa.selenium.remote.RemoteWebDriver.execute(RemoteWebDriver.java:582)
at org.openqa.selenium.remote.RemoteWebDriver.startSession(RemoteWebDriver.java:216)
at org.openqa.selenium.remote.RemoteWebDriver.<init>(RemoteWebDriver.java:136)
at org.openqa.selenium.chromium.ChromiumDriver.<init>(ChromiumDriver.java:75)
at org.openqa.selenium.chrome.ChromeDriver.<init>(ChromeDriver.java:163)
at org.openqa.selenium.chrome.ChromeDriver.<init>(ChromeDriver.java:150)
at org.openqa.selenium.chrome.ChromeDriver.<init>(ChromeDriver.java:105)
at sample2.ajout.Adding(ajout.java:21)
at java.util.ArrayList.forEach(ArrayList.java:1257)
... Removed 31 stack frames]]>
    </failure>
  </testcase> <!-- Adding -->
</testsuite> <!-- Test3 -->
