<?xml version="1.0" encoding="UTF-8"?>
<!-- Generated by org.testng.reporters.JUnitXMLReporter -->
<testsuite hostname="DESKTOP-FR57AJN" ignored="0" name="Test1" tests="1" failures="1" timestamp="2020-05-20T20:15:02 WET" time="3.878" errors="0">
  <testcase name="Creer" time="3.804" classname="sample.CreationCompte">
    <failure type="org.openqa.selenium.SessionNotCreatedException" message="session not created: This version of ChromeDriver only supports Chrome version 80
Build info: version: &amp;apos;4.0.0-alpha-5&amp;apos;, revision: &amp;apos;b3a0d621cc&amp;apos;
System info: host: &amp;apos;DESKTOP-FR57AJN&amp;apos;, ip: &amp;apos;192.168.1.105&amp;apos;, os.name: &amp;apos;Windows 10&amp;apos;, os.arch: &amp;apos;amd64&amp;apos;, os.version: &amp;apos;10.0&amp;apos;, java.version: &amp;apos;1.8.0_241&amp;apos;
Driver info: driver.version: ChromeDriver
remote stacktrace: Backtrace:
	Ordinal0 [0x00960C83+1707139]
	Ordinal0 [0x008C68F1+1075441]
	Ordinal0 [0x0083DFC9+516041]
	Ordinal0 [0x007D0554+66900]
	Ordinal0 [0x007CCCE2+52450]
	Ordinal0 [0x007EBFD7+180183]
	Ordinal0 [0x007EBDDD+179677]
	Ordinal0 [0x007E9D4B+171339]
	Ordinal0 [0x007D1D4A+73034]
	Ordinal0 [0x007D2DC0+77248]
	Ordinal0 [0x007D2D59+77145]
	Ordinal0 [0x008DBB67+1162087]
	GetHandleVerifier [0x009FA966+508998]
	GetHandleVerifier [0x009FA6A4+508292]
	GetHandleVerifier [0x00A0F7B7+594583]
	GetHandleVerifier [0x009FB1D6+511158]
	Ordinal0 [0x008D402C+1130540]
	Ordinal0 [0x008DD4CB+1168587]
	Ordinal0 [0x008DD633+1168947]
	Ordinal0 [0x008F5B35+1268533]
	BaseThreadInitThunk [0x762A6359+25]
	RtlGetAppContainerNamedObjectPath [0x777E7C24+228]
	RtlGetAppContainerNamedObjectPath [0x777E7BF4+180]
">
      <![CDATA[org.openqa.selenium.SessionNotCreatedException: session not created: This version of ChromeDriver only supports Chrome version 80
Build info: version: '4.0.0-alpha-5', revision: 'b3a0d621cc'
System info: host: 'DESKTOP-FR57AJN', ip: '192.168.1.105', os.name: 'Windows 10', os.arch: 'amd64', os.version: '10.0', java.version: '1.8.0_241'
Driver info: driver.version: ChromeDriver
remote stacktrace: Backtrace:
Ordinal0 [0x00960C83+1707139]
Ordinal0 [0x008C68F1+1075441]
Ordinal0 [0x0083DFC9+516041]
Ordinal0 [0x007D0554+66900]
Ordinal0 [0x007CCCE2+52450]
Ordinal0 [0x007EBFD7+180183]
Ordinal0 [0x007EBDDD+179677]
Ordinal0 [0x007E9D4B+171339]
Ordinal0 [0x007D1D4A+73034]
Ordinal0 [0x007D2DC0+77248]
Ordinal0 [0x007D2D59+77145]
Ordinal0 [0x008DBB67+1162087]
GetHandleVerifier [0x009FA966+508998]
GetHandleVerifier [0x009FA6A4+508292]
GetHandleVerifier [0x00A0F7B7+594583]
GetHandleVerifier [0x009FB1D6+511158]
Ordinal0 [0x008D402C+1130540]
Ordinal0 [0x008DD4CB+1168587]
Ordinal0 [0x008DD633+1168947]
Ordinal0 [0x008F5B35+1268533]
BaseThreadInitThunk [0x762A6359+25]
RtlGetAppContainerNamedObjectPath [0x777E7C24+228]
RtlGetAppContainerNamedObjectPath [0x777E7BF4+180]

at org.openqa.selenium.remote.W3CHandshakeResponse.lambda$errorHandler$0(W3CHandshakeResponse.java:62)
at org.openqa.selenium.remote.HandshakeResponse.lambda$getResponseFunction$0(HandshakeResponse.java:30)
at org.openqa.selenium.remote.ProtocolHandshake.lambda$createSession$1(ProtocolHandshake.java:126)
at java.util.stream.ReferencePipeline$3$1.accept(ReferencePipeline.java:193)
at java.util.Spliterators$ArraySpliterator.tryAdvance(Spliterators.java:958)
at java.util.stream.ReferencePipeline.forEachWithCancel(ReferencePipeline.java:126)
at java.util.stream.AbstractPipeline.copyIntoWithCancel(AbstractPipeline.java:499)
at java.util.stream.AbstractPipeline.copyInto(AbstractPipeline.java:486)
at java.util.stream.AbstractPipeline.wrapAndCopyInto(AbstractPipeline.java:472)
at java.util.stream.FindOps$FindOp.evaluateSequential(FindOps.java:152)
at java.util.stream.AbstractPipeline.evaluate(AbstractPipeline.java:234)
at java.util.stream.ReferencePipeline.findFirst(ReferencePipeline.java:464)
at org.openqa.selenium.remote.ProtocolHandshake.createSession(ProtocolHandshake.java:128)
at org.openqa.selenium.remote.ProtocolHandshake.createSession(ProtocolHandshake.java:75)
at org.openqa.selenium.remote.HttpCommandExecutor.execute(HttpCommandExecutor.java:139)
at org.openqa.selenium.remote.service.DriverCommandExecutor.execute(DriverCommandExecutor.java:83)
at org.openqa.selenium.remote.RemoteWebDriver.execute(RemoteWebDriver.java:582)
at org.openqa.selenium.remote.RemoteWebDriver.startSession(RemoteWebDriver.java:216)
at org.openqa.selenium.remote.RemoteWebDriver.<init>(RemoteWebDriver.java:136)
at org.openqa.selenium.chromium.ChromiumDriver.<init>(ChromiumDriver.java:75)
at org.openqa.selenium.chrome.ChromeDriver.<init>(ChromeDriver.java:163)
at org.openqa.selenium.chrome.ChromeDriver.<init>(ChromeDriver.java:150)
at org.openqa.selenium.chrome.ChromeDriver.<init>(ChromeDriver.java:105)
at sample.CreationCompte.Creer(CreationCompte.java:17)
at java.util.ArrayList.forEach(ArrayList.java:1257)
... Removed 31 stack frames]]>
    </failure>
  </testcase> <!-- Creer -->
</testsuite> <!-- Test1 -->
